<?xml version="1.0" encoding="UTF-8"?>
<testsuite name="UserRegistrationTest" tests="1" skipped="0" failures="0" errors="0" timestamp="2021-04-02T03:44:18" hostname="LAPTOP-6I2PIU3U" time="0.051">
  <properties/>
  <testcase name="validateEmail_IfProperinPart_ShouldReturnTrue()" classname="UserRegistrationTest" time="0.051"/>
  <system-out><![CDATA[Email is Valid !!
]]></system-out>
  <system-err><![CDATA[]]></system-err>
</testsuite>
