<?xml version="1.0" encoding="UTF-8"?>
<testsuite name="UserRegistrationTest" tests="1" skipped="0" failures="0" errors="0" timestamp="2021-04-01T18:24:04" hostname="LAPTOP-6I2PIU3U" time="0.043">
  <properties/>
  <testcase name="validateMobileNumber_IfProper_ShouldReturnTrue()" classname="UserRegistrationTest" time="0.043"/>
  <system-out><![CDATA[Mobile Number is valid !!
]]></system-out>
  <system-err><![CDATA[]]></system-err>
</testsuite>
