<?xml version="1.0" encoding="UTF-8"?>
<testsuite name="UserRegistrationTest" tests="1" skipped="0" failures="0" errors="0" timestamp="2021-04-03T16:57:02" hostname="LAPTOP-6I2PIU3U" time="0.039">
  <properties/>
  <testcase name="validateEmail_WhenProper_ShouldReturnTrue()" classname="UserRegistrationTest" time="0.039"/>
  <system-out><![CDATA[Email is Valid !!
]]></system-out>
  <system-err><![CDATA[]]></system-err>
</testsuite>
