<?xml version="1.0" encoding="UTF-8"?>
<testsuite name="UserRegistrationTest" tests="1" skipped="0" failures="0" errors="0" timestamp="2021-04-02T17:58:37" hostname="LAPTOP-6I2PIU3U" time="0.03">
  <properties/>
  <testcase name="validatePassword_WhenProperByRule_ShoulReturnTrue()" classname="UserRegistrationTest" time="0.03"/>
  <system-out><![CDATA[Provide password is valid !!
]]></system-out>
  <system-err><![CDATA[]]></system-err>
</testsuite>
